# JRE version: Java(TM) SE Runtime Environment (8.0_11-b12) (build 1.8.0_11-b12)
# Java VM: Java HotSpot(TM) 64-Bit Server VM (25.11-b03 mixed mode bsd-amd64 compressed oops)
Heap:
 PSYoungGen      total 15360K, used 7494K [0x000000076ab00000, 0x000000076c880000, 0x00000007c0000000)
  eden space 14848K, 48% used [0x000000076ab00000,0x000000076b2118f8,0x000000076b980000)
  from space 512K, 50% used [0x000000076c800000,0x000000076c840000,0x000000076c880000)
  to   space 5120K, 0% used [0x000000076be80000,0x000000076be80000,0x000000076c380000)
 ParOldGen       total 260608K, used 21613K [0x00000006c0000000, 0x00000006cfe80000, 0x000000076ab00000)
  object space 260608K, 8% used [0x00000006c0000000,0x00000006c151b508,0x00000006cfe80000)
 Metaspace       used 17865K, capacity 18008K, committed 18304K, reserved 1064960K
  class space    used 2595K, capacity 2637K, committed 2688K, reserved 1048576K
GC Heap History (10 events):
Event: 9.293 GC heap before
{Heap before GC invocations=12 (full 0):
 PSYoungGen      total 15872K, used 15864K [0x000000076ab00000, 0x000000076c880000, 0x00000007c0000000)
  eden space 12288K, 100% used [0x000000076ab00000,0x000000076b700000,0x000000076b700000)
  from space 3584K, 99% used [0x000000076b700000,0x000000076ba7e340,0x000000076ba80000)
  to   space 5120K, 0% used [0x000000076c380000,0x000000076c380000,0x000000076c880000)
 ParOldGen       total 260608K, used 6427K [0x00000006c0000000, 0x00000006cfe80000, 0x000000076ab00000)
  object space 260608K, 2% used [0x00000006c0000000,0x00000006c0646e98,0x00000006cfe80000)
 Metaspace       used 15837K, capacity 15982K, committed 16256K, reserved 1062912K
  class space    used 2371K, capacity 2399K, committed 2432K, reserved 1048576K
Event: 9.300 GC heap after
Heap after GC invocations=12 (full 0):
 PSYoungGen      total 16384K, used 4128K [0x000000076ab00000, 0x000000076c800000, 0x00000007c0000000)
  eden space 11776K, 0% used [0x000000076ab00000,0x000000076ab00000,0x000000076b680000)
  from space 4608K, 89% used [0x000000076c380000,0x000000076c788010,0x000000076c800000)
  to   space 5632K, 0% used [0x000000076bd00000,0x000000076bd00000,0x000000076c280000)
 ParOldGen       total 260608K, used 12044K [0x00000006c0000000, 0x00000006cfe80000, 0x000000076ab00000)
  object space 260608K, 4% used [0x00000006c0000000,0x00000006c0bc31e8,0x00000006cfe80000)
 Metaspace       used 15837K, capacity 15982K, committed 16256K, reserved 1062912K
  class space    used 2371K, capacity 2399K, committed 2432K, reserved 1048576K
}
Event: 20.369 GC heap before
{Heap before GC invocations=13 (full 0):
 PSYoungGen      total 16384K, used 15904K [0x000000076ab00000, 0x000000076c800000, 0x00000007c0000000)
  eden space 11776K, 100% used [0x000000076ab00000,0x000000076b680000,0x000000076b680000)
  from space 4608K, 89% used [0x000000076c380000,0x000000076c788010,0x000000076c800000)
  to   space 5632K, 0% used [0x000000076bd00000,0x000000076bd00000,0x000000076c280000)
 ParOldGen       total 260608K, used 12044K [0x00000006c0000000, 0x00000006cfe80000, 0x000000076ab00000)
  object space 260608K, 4% used [0x00000006c0000000,0x00000006c0bc31e8,0x00000006cfe80000)
 Metaspace       used 16504K, capacity 16752K, committed 16896K, reserved 1062912K
  class space    used 2403K, capacity 2465K, committed 2560K, reserved 1048576K
Event: 20.376 GC heap after
Heap after GC invocations=13 (full 0):
 PSYoungGen      total 12800K, used 1440K [0x000000076ab00000, 0x000000076c400000, 0x00000007c0000000)
  eden space 11264K, 0% used [0x000000076ab00000,0x000000076ab00000,0x000000076b600000)
  from space 1536K, 93% used [0x000000076bd00000,0x000000076be68000,0x000000076be80000)
  to   space 5120K, 0% used [0x000000076bf00000,0x000000076bf00000,0x000000076c400000)
 ParOldGen       total 260608K, used 17924K [0x00000006c0000000, 0x00000006cfe80000, 0x000000076ab00000)
  object space 260608K, 6% used [0x00000006c0000000,0x00000006c1181208,0x00000006cfe80000)
 Metaspace       used 16504K, capacity 16752K, committed 16896K, reserved 1062912K
  class space    used 2403K, capacity 2465K, committed 2560K, reserved 1048576K
}
Event: 20.478 GC heap before
{Heap before GC invocations=14 (full 0):
 PSYoungGen      total 12800K, used 12704K [0x000000076ab00000, 0x000000076c400000, 0x00000007c0000000)
  eden space 11264K, 100% used [0x000000076ab00000,0x000000076b600000,0x000000076b600000)
  from space 1536K, 93% used [0x000000076bd00000,0x000000076be68000,0x000000076be80000)
  to   space 5120K, 0% used [0x000000076bf00000,0x000000076bf00000,0x000000076c400000)
 ParOldGen       total 260608K, used 17924K [0x00000006c0000000, 0x00000006cfe80000, 0x000000076ab00000)
  object space 260608K, 6% used [0x00000006c0000000,0x00000006c1181208,0x00000006cfe80000)
 Metaspace       used 16880K, capacity 17018K, committed 17152K, reserved 1064960K
  class space    used 2465K, capacity 2504K, committed 2560K, reserved 1048576K
Event: 20.482 GC heap after
Heap after GC invocations=14 (full 0):
 PSYoungGen      total 20480K, used 480K [0x000000076ab00000, 0x000000076c700000, 0x00000007c0000000)
  eden space 15360K, 0% used [0x000000076ab00000,0x000000076ab00000,0x000000076ba00000)
  from space 5120K, 9% used [0x000000076bf00000,0x000000076bf78000,0x000000076c400000)
  to   space 5120K, 0% used [0x000000076ba00000,0x000000076ba00000,0x000000076bf00000)
 ParOldGen       total 260608K, used 19300K [0x00000006c0000000, 0x00000006cfe80000, 0x000000076ab00000)
  object space 260608K, 7% used [0x00000006c0000000,0x00000006c12d9238,0x00000006cfe80000)
 Metaspace       used 16880K, capacity 17018K, committed 17152K, reserved 1064960K
  class space    used 2465K, capacity 2504K, committed 2560K, reserved 1048576K
}
Event: 21.262 GC heap before
{Heap before GC invocations=15 (full 0):
 PSYoungGen      total 20480K, used 15840K [0x000000076ab00000, 0x000000076c700000, 0x00000007c0000000)
  eden space 15360K, 100% used [0x000000076ab00000,0x000000076ba00000,0x000000076ba00000)
  from space 5120K, 9% used [0x000000076bf00000,0x000000076bf78000,0x000000076c400000)
  to   space 5120K, 0% used [0x000000076ba00000,0x000000076ba00000,0x000000076bf00000)
 ParOldGen       total 260608K, used 19300K [0x00000006c0000000, 0x00000006cfe80000, 0x000000076ab00000)
  object space 260608K, 7% used [0x00000006c0000000,0x00000006c12d9238,0x00000006cfe80000)
 Metaspace       used 17808K, capacity 18002K, committed 18304K, reserved 1064960K
  class space    used 2587K, capacity 2636K, committed 2688K, reserved 1048576K
Event: 21.266 GC heap after
Heap after GC invocations=15 (full 0):
 PSYoungGen      total 20480K, used 2048K [0x000000076ab00000, 0x000000076cd00000, 0x00000007c0000000)
  eden space 15360K, 0% used [0x000000076ab00000,0x000000076ab00000,0x000000076ba00000)
  from space 5120K, 40% used [0x000000076ba00000,0x000000076bc002c0,0x000000076bf00000)
  to   space 5120K, 0% used [0x000000076c800000,0x000000076c800000,0x000000076cd00000)
 ParOldGen       total 260608K, used 19668K [0x00000006c0000000, 0x00000006cfe80000, 0x000000076ab00000)
  object space 260608K, 7% used [0x00000006c0000000,0x00000006c1335238,0x00000006cfe80000)
 Metaspace       used 17808K, capacity 18002K, committed 18304K, reserved 1064960K
  class space    used 2587K, capacity 2636K, committed 2688K, reserved 1048576K
}
Event: 90.645 GC heap before
{Heap before GC invocations=16 (full 0):
 PSYoungGen      total 20480K, used 17408K [0x000000076ab00000, 0x000000076cd00000, 0x00000007c0000000)
  eden space 15360K, 100% used [0x000000076ab00000,0x000000076ba00000,0x000000076ba00000)
  from space 5120K, 40% used [0x000000076ba00000,0x000000076bc002c0,0x000000076bf00000)
  to   space 5120K, 0% used [0x000000076c800000,0x000000076c800000,0x000000076cd00000)
 ParOldGen       total 260608K, used 19668K [0x00000006c0000000, 0x00000006cfe80000, 0x000000076ab00000)
  object space 260608K, 7% used [0x00000006c0000000,0x00000006c1335238,0x00000006cfe80000)
 Metaspace       used 17851K, capacity 18008K, committed 18304K, reserved 1064960K
  class space    used 2591K, capacity 2637K, committed 2688K, reserved 1048576K
Event: 90.648 GC heap after
Heap after GC invocations=16 (full 0):
 PSYoungGen      total 15360K, used 256K [0x000000076ab00000, 0x000000076c880000, 0x00000007c0000000)
  eden space 14848K, 0% used [0x000000076ab00000,0x000000076ab00000,0x000000076b980000)
  from space 512K, 50% used [0x000000076c800000,0x000000076c840000,0x000000076c880000)
  to   space 5120K, 0% used [0x000000076be80000,0x000000076be80000,0x000000076c380000)
 ParOldGen       total 260608K, used 21613K [0x00000006c0000000, 0x00000006cfe80000, 0x000000076ab00000)
  object space 260608K, 8% used [0x00000006c0000000,0x00000006c151b508,0x00000006cfe80000)
 Metaspace       used 17851K, capacity 18008K, committed 18304K, reserved 1064960K
  class space    used 2591K, capacity 2637K, committed 2688K, reserved 1048576K
}

